Removed Pin From Net: NetName=24V Pin=D3-2
Removed Pin From Net: NetName=N Pin=J6-1
Removed Pin From Net: NetName=N Pin=J6-2
Removed Pin From Net: NetName=COLD_PWR Pin=J6-3
Removed Pin From Net: NetName=HOT_PWR Pin=J6-5
Removed Pin From Net: NetName=N Pin=J6-6
Removed Pin From Net: NetName=MOTOR_GND1 Pin=J7-3
Removed Pin From Net: NetName=MOTOR_GND2 Pin=J7-4
Removed Pin From Net: NetName=MOTOR_GND3 Pin=J7-5
Removed Pin From Net: NetName=MOTOR_GND4 Pin=J7-6
Removed Pin From Net: NetName=MOTOR_GND5 Pin=J7-7
Removed Pin From Net: NetName=MOTOR_GND6 Pin=J7-8
Removed Pin From Net: NetName=MOTOR_PWR10 Pin=J8-1
Removed Pin From Net: NetName=MOTOR_PWR9 Pin=J8-2
Removed Pin From Net: NetName=MOTOR_PWR8 Pin=J8-3
Removed Pin From Net: NetName=MOTOR_PWR7 Pin=J8-4
Removed Pin From Net: NetName=MOTOR_PWR6 Pin=J8-5
Removed Pin From Net: NetName=MOTOR_PWR5 Pin=J8-6
Removed Pin From Net: NetName=MOTOR_PWR4 Pin=J8-7
Removed Pin From Net: NetName=MOTOR_PWR3 Pin=J8-8
Removed Pin From Net: NetName=MOTOR_PWR2 Pin=J8-9
Removed Pin From Net: NetName=MOTOR_PWR1 Pin=J8-10
Removed Pin From Net: NetName=SIG6 Pin=J9-4
Removed Pin From Net: NetName=SIG5 Pin=J9-5
Removed Pin From Net: NetName=SIG4 Pin=J9-6
Removed Pin From Net: NetName=SIG3 Pin=J9-7
Removed Pin From Net: NetName=SIG2 Pin=J9-8
Removed Pin From Net: NetName=SIG1 Pin=J9-9
Removed Pin From Net: NetName=SIG6 Pin=J10-4
Removed Pin From Net: NetName=SIG5 Pin=J10-5
Removed Pin From Net: NetName=SIG4 Pin=J10-6
Removed Pin From Net: NetName=SIG3 Pin=J10-7
Removed Pin From Net: NetName=SIG2 Pin=J10-8
Removed Pin From Net: NetName=SIG1 Pin=J10-9
Removed Pin From Net: NetName=PE Pin=J11-1
Removed Pin From Net: NetName=PE Pin=J11-2
Removed Pin From Net: NetName=220V Pin=J14-1
Removed Pin From Net: NetName=N Pin=J14-2
Removed Pin From Net: NetName=220V Pin=J14-3
Removed Pin From Net: NetName=N Pin=J14-4
Removed Pin From Net: NetName=24V Pin=Q3-2
Removed Pin From Net: NetName=GND Pin=Q4-2
Removed Pin From Net: NetName=24V Pin=Q5-2
Removed Pin From Net: NetName=GND Pin=Q7-2
Removed Pin From Net: NetName=24V Pin=R3-1
Removed Pin From Net: NetName=WIND_SIG Pin=R9-1
Removed Pin From Net: NetName=GND Pin=R10-1
Removed Pin From Net: NetName=24V Pin=R11-1
Removed Pin From Net: NetName=LED_SIG Pin=R15-1
Removed Pin From Net: NetName=GND Pin=R17-1
Removed Member From Class: ClassName=aucma_tranfer Member=D3
Removed Member From Class: ClassName=aucma_tranfer Member=J6
Removed Member From Class: ClassName=aucma_tranfer Member=J7
Removed Member From Class: ClassName=aucma_tranfer Member=J8
Removed Member From Class: ClassName=aucma_tranfer Member=J9
Removed Member From Class: ClassName=aucma_tranfer Member=J10
Removed Member From Class: ClassName=aucma_tranfer Member=J11
Removed Member From Class: ClassName=aucma_tranfer Member=J14
Removed Member From Class: ClassName=aucma_tranfer Member=Q3
Removed Member From Class: ClassName=aucma_tranfer Member=Q4
Removed Member From Class: ClassName=aucma_tranfer Member=Q5
Removed Member From Class: ClassName=aucma_tranfer Member=Q7
Removed Member From Class: ClassName=aucma_tranfer Member=R3
Removed Member From Class: ClassName=aucma_tranfer Member=R6
Removed Member From Class: ClassName=aucma_tranfer Member=R9
Removed Member From Class: ClassName=aucma_tranfer Member=R10
Removed Member From Class: ClassName=aucma_tranfer Member=R11
Removed Member From Class: ClassName=aucma_tranfer Member=R13
Removed Member From Class: ClassName=aucma_tranfer Member=R15
Removed Member From Class: ClassName=aucma_tranfer Member=R17
Added Room: Name=aucma_tranfer
