Change Component Comment : Designator=J2 Old Comment=SIP-8 New Comment=SIP-8-BLUE
Change Component Comment : Designator=J3 Old Comment=SIP-10 New Comment=SIP-10-BLUE
Added Component: Designator=D9(0603_D)
Added Component: Designator=D10(0603_D)
Added Component: Designator=D11(SMA/DO214AC)
Added Component: Designator=D12(LL34_2P)
Added Component: Designator=D13(SMA/DO214AC)
Added Component: Designator=D14(LL34_2P)
Added Component: Designator=D15(SMA/DO214AC)
Added Component: Designator=D16(SMA/DO214AC)
Added Component: Designator=J17(XHB-2A)
Added Component: Designator=J18(XHB-2A)
Added Component: Designator=K3(HF152FD-1H)
Added Component: Designator=K4(HF152FD-1H)
Added Component: Designator=LO1(THAND)
Added Component: Designator=Q3(SOT-23-3)
Added Component: Designator=Q4(SOT-23-3)
Added Component: Designator=R7(1206_R)
Added Component: Designator=R8(1206_R)
Added Component: Designator=R9(0603_R)
Added Component: Designator=R10(0603_R)
Added Component: Designator=R11(0603_R)
Added Component: Designator=R12(0603_R)
Added Pin To Net: NetName=24V Pin=D11-2
Added Pin To Net: NetName=24V Pin=D13-2
Added Pin To Net: NetName=HOT_SIG Pin=D15-1
Added Pin To Net: NetName=WIND_SIG Pin=D16-1
Added Pin To Net: NetName=HOT_PWR Pin=K3-1
Added Pin To Net: NetName=HOT_WIND_LIVE Pin=K3-2
Added Pin To Net: NetName=24V Pin=K3-4
Added Pin To Net: NetName=WIND_PWR Pin=K4-1
Added Pin To Net: NetName=HOT_WIND_LIVE Pin=K4-2
Added Pin To Net: NetName=24V Pin=K4-4
Added Pin To Net: NetName=GND Pin=Q3-2
Added Pin To Net: NetName=GND Pin=Q4-2
Added Pin To Net: NetName=24V Pin=R7-2
Added Pin To Net: NetName=24V Pin=R8-2
Added Pin To Net: NetName=GND Pin=R11-1
Added Pin To Net: NetName=GND Pin=R12-1
Added Pin To Net: NetName=COLD_LIVE Pin=J17-2
Added Pin To Net: NetName=COLD_LIVE Pin=K1-2
Added Pin To Net: NetName=COLD_LIVE Pin=K1-2
Added Net: Name=COLD_LIVE
Added Pin To Net: NetName=COLD_POWR Pin=J18-2
Added Net: Name=COLD_POWR
Added Pin To Net: NetName=NetD9_1 Pin=D9-1
Added Pin To Net: NetName=NetD9_1 Pin=R7-1
Added Net: Name=NetD9_1
Added Pin To Net: NetName=NetD9_2 Pin=D9-2
Added Pin To Net: NetName=NetD9_2 Pin=D12-1
Added Net: Name=NetD9_2
Added Pin To Net: NetName=NetD10_1 Pin=D10-1
Added Pin To Net: NetName=NetD10_1 Pin=R8-1
Added Net: Name=NetD10_1
Added Pin To Net: NetName=NetD10_2 Pin=D10-2
Added Pin To Net: NetName=NetD10_2 Pin=D14-1
Added Net: Name=NetD10_2
Added Pin To Net: NetName=NetD11_1 Pin=D11-1
Added Pin To Net: NetName=NetD11_1 Pin=D12-2
Added Pin To Net: NetName=NetD11_1 Pin=K3-3
Added Pin To Net: NetName=NetD11_1 Pin=Q3-3
Added Net: Name=NetD11_1
Added Pin To Net: NetName=NetD13_1 Pin=D13-1
Added Pin To Net: NetName=NetD13_1 Pin=D14-2
Added Pin To Net: NetName=NetD13_1 Pin=K4-3
Added Pin To Net: NetName=NetD13_1 Pin=Q4-3
Added Net: Name=NetD13_1
Added Pin To Net: NetName=NetD15_2 Pin=D15-2
Added Pin To Net: NetName=NetD15_2 Pin=R9-1
Added Net: Name=NetD15_2
Added Pin To Net: NetName=NetD16_2 Pin=D16-2
Added Pin To Net: NetName=NetD16_2 Pin=R10-1
Added Net: Name=NetD16_2
Added Pin To Net: NetName=NetQ3_1 Pin=Q3-1
Added Pin To Net: NetName=NetQ3_1 Pin=R9-2
Added Pin To Net: NetName=NetQ3_1 Pin=R11-2
Added Net: Name=NetQ3_1
Added Pin To Net: NetName=NetQ4_1 Pin=Q4-1
Added Pin To Net: NetName=NetQ4_1 Pin=R10-2
Added Pin To Net: NetName=NetQ4_1 Pin=R12-2
Added Net: Name=NetQ4_1
Added Member To Class: ClassName=aucma_tranfer Member=Component D9 綻伎LED
Added Member To Class: ClassName=aucma_tranfer Member=Component D10 綻伎LED
Added Member To Class: ClassName=aucma_tranfer Member=Component D11 SS34
Added Member To Class: ClassName=aucma_tranfer Member=Component D12 1N4148
Added Member To Class: ClassName=aucma_tranfer Member=Component D13 SS34
Added Member To Class: ClassName=aucma_tranfer Member=Component D14 1N4148
Added Member To Class: ClassName=aucma_tranfer Member=Component D15 1N4007
Added Member To Class: ClassName=aucma_tranfer Member=Component D16 1N4007
Added Member To Class: ClassName=aucma_tranfer Member=Component J17 SIP-2
Added Member To Class: ClassName=aucma_tranfer Member=Component J18 SIP-2
Added Member To Class: ClassName=aucma_tranfer Member=Component K3 Relay-SPST
Added Member To Class: ClassName=aucma_tranfer Member=Component K4 Relay-SPST
Added Member To Class: ClassName=aucma_tranfer Member=Component LO1 LOGO
Added Member To Class: ClassName=aucma_tranfer Member=Component Q3 BC817-40
Added Member To Class: ClassName=aucma_tranfer Member=Component Q4 BC817-40
Added Member To Class: ClassName=aucma_tranfer Member=Component R7 4.7K次/1%
Added Member To Class: ClassName=aucma_tranfer Member=Component R8 4.7K次/1%
Added Member To Class: ClassName=aucma_tranfer Member=Component R9 4.7K次/1%
Added Member To Class: ClassName=aucma_tranfer Member=Component R10 4.7K次/1%
Added Member To Class: ClassName=aucma_tranfer Member=Component R11 100K次/1%
Added Member To Class: ClassName=aucma_tranfer Member=Component R12 100K次/1%
Added Room: Name=aucma_tranfer
