Removed Member From Class: ClassName=aucma_tranfer Member=J7
Removed Member From Class: ClassName=aucma_tranfer Member=J8
Added Pin To Net: NetName=MOTOR_PWR1 Pin=J3-1
Added Pin To Net: NetName=MOTOR_PWR2 Pin=J3-2
Added Pin To Net: NetName=MOTOR_PWR3 Pin=J3-3
Added Pin To Net: NetName=MOTOR_PWR4 Pin=J3-4
Added Pin To Net: NetName=MOTOR_PWR5 Pin=J3-5
Added Pin To Net: NetName=MOTOR_PWR6 Pin=J3-6
Added Pin To Net: NetName=MOTOR_PWR7 Pin=J3-7
Added Pin To Net: NetName=MOTOR_PWR8 Pin=J3-8
Added Pin To Net: NetName=MOTOR_PWR9 Pin=J3-9
Added Pin To Net: NetName=MOTOR_PWR10 Pin=J3-10
Added Pin To Net: NetName=MOTOR_GND1 Pin=J6-1
Added Pin To Net: NetName=MOTOR_GND2 Pin=J6-2
Added Pin To Net: NetName=MOTOR_GND3 Pin=J6-3
Added Pin To Net: NetName=MOTOR_GND4 Pin=J6-4
Added Pin To Net: NetName=MOTOR_GND5 Pin=J6-5
Added Pin To Net: NetName=MOTOR_GND6 Pin=J6-6
Added Pin To Net: NetName=TEMP_IN Pin=J9-2
Added Net: Name=TEMP_IN
Added Pin To Net: NetName=TEMP_OUT Pin=J9-1
Added Net: Name=TEMP_OUT
Added Room: Name=aucma_tranfer
