Removed Pin From Net: NetName=MOTOR_GND6 Pin=J1-3
Removed Pin From Net: NetName=MOTOR_GND5 Pin=J1-4
Removed Pin From Net: NetName=MOTOR_GND4 Pin=J1-5
Removed Pin From Net: NetName=MOTOR_GND3 Pin=J1-6
Removed Pin From Net: NetName=MOTOR_GND2 Pin=J1-7
Removed Pin From Net: NetName=MOTOR_GND1 Pin=J1-8
Removed Pin From Net: NetName=SIG3 Pin=J2-3
Removed Pin From Net: NetName=SIG1 Pin=J2-4
Removed Pin From Net: NetName=SIG8 Pin=J2-5
Removed Pin From Net: NetName=SIG6 Pin=J2-6
Removed Pin From Net: NetName=SIG4 Pin=J2-7
Removed Pin From Net: NetName=SIG2 Pin=J2-8
Removed Pin From Net: NetName=220V Pin=R19-1
Removed Pin From Net: NetName=220V Pin=R20-1
Removed Pin From Net: NetName=GND Pin=U1-3
Removed Pin From Net: NetName=GND Pin=U2-3
Removed Pin From Net: NetName=GND Pin=U3-3
Removed Member From Class: ClassName=aucma_tranfer Member=D13
Removed Member From Class: ClassName=aucma_tranfer Member=D14
Removed Member From Class: ClassName=aucma_tranfer Member=D15
Removed Member From Class: ClassName=aucma_tranfer Member=D16
Removed Member From Class: ClassName=aucma_tranfer Member=D17
Removed Member From Class: ClassName=aucma_tranfer Member=D18
Removed Member From Class: ClassName=aucma_tranfer Member=J19
Removed Member From Class: ClassName=aucma_tranfer Member=R18
Removed Member From Class: ClassName=aucma_tranfer Member=R19
Removed Member From Class: ClassName=aucma_tranfer Member=R20
Removed Member From Class: ClassName=aucma_tranfer Member=U1
Removed Member From Class: ClassName=aucma_tranfer Member=U2
Removed Member From Class: ClassName=aucma_tranfer Member=U3
Change Component DesignItemId : Designator=J2 Old DesignItemId=DIP-2*4 New DesignItemId=SIP-8
Change Component Footprint: Designator=J2 Old Footprint=PHB-2*4AW New Footprint=XHB-8AW
Change Component Comment : Designator=J2 Old Comment=DIP-2*4 New Comment=SIP-8
Change Component Designator: OldDesignator=D4 NewDesignator=D3
Change Component Designator: OldDesignator=D5 NewDesignator=D4
Change Component Designator: OldDesignator=D7 NewDesignator=D5
Change Component Designator: OldDesignator=D8 NewDesignator=D6
Change Component Designator: OldDesignator=D10 NewDesignator=D7
Change Component Designator: OldDesignator=D11 NewDesignator=D8
Change Component Designator: OldDesignator=J3 NewDesignator=J6
Change Component Designator: OldDesignator=J4 NewDesignator=J1
Change Component Designator: OldDesignator=J6 NewDesignator=J7
Change Component Designator: OldDesignator=J9 NewDesignator=J8
Change Component Designator: OldDesignator=J10 NewDesignator=J9
Change Component Designator: OldDesignator=J11 NewDesignator=J10
Change Component Designator: OldDesignator=J13 NewDesignator=J5
Change Component Designator: OldDesignator=J14 NewDesignator=J11
Change Component Designator: OldDesignator=J15 NewDesignator=J3
Change Component Designator: OldDesignator=J16 NewDesignator=J12
Change Component Designator: OldDesignator=J17 NewDesignator=J13
Change Component Designator: OldDesignator=J18 NewDesignator=J14
Change Component Designator: OldDesignator=J19 NewDesignator=J15
Change Component Designator: OldDesignator=R4 NewDesignator=R3
Change Component Designator: OldDesignator=R5 NewDesignator=R4
Change Component Designator: OldDesignator=R7 NewDesignator=R5
Change Component Designator: OldDesignator=R8 NewDesignator=R6
Added Component: Designator=J4(PHB-2*4AW)
Added Pin To Net: NetName=MOTOR_GND6 Pin=J2-3
Added Pin To Net: NetName=MOTOR_GND5 Pin=J2-4
Added Pin To Net: NetName=MOTOR_GND4 Pin=J2-5
Added Pin To Net: NetName=MOTOR_GND3 Pin=J2-6
Added Pin To Net: NetName=MOTOR_GND2 Pin=J2-7
Added Pin To Net: NetName=MOTOR_GND1 Pin=J2-8
Added Pin To Net: NetName=SIG3 Pin=J4-3
Added Pin To Net: NetName=SIG1 Pin=J4-4
Added Pin To Net: NetName=SIG8 Pin=J4-5
Added Pin To Net: NetName=SIG6 Pin=J4-6
Added Pin To Net: NetName=SIG4 Pin=J4-7
Added Pin To Net: NetName=SIG2 Pin=J4-8
Change Net Name : Old Net Name=NetD4_1 New Net Name=NetD3_1
Change Net Name : Old Net Name=NetD5_1 New Net Name=NetD4_1
Change Net Name : Old Net Name=NetD10_2 New Net Name=NetD7_2
Change Net Name : Old Net Name=NetD11_2 New Net Name=NetD8_2
Change Net Name : Old Net Name=SIG5 New Net Name=MOTOR_GND7
Change Net Name : Old Net Name=SIG7 New Net Name=MOTOR_GND8
Added Pin To Net: NetName=SIG5 Pin=J4-2
Added Net: Name=SIG5
Added Pin To Net: NetName=SIG7 Pin=J4-1
Added Net: Name=SIG7
Added Member To Class: ClassName=aucma_tranfer Member=Component J7 SIP-8
Added Room: Name=aucma_tranfer
